0 info it worked if it ends with ok
1 verbose cli [ 'c:\\Program Files\\nodejs\\node.exe',
1 verbose cli   'c:\\Program Files\\nodejs\\node_modules\\npm\\bin\\npm-cli.js',
1 verbose cli   'install',
1 verbose cli   '-g',
1 verbose cli   'firebase-tools' ]
2 info using npm@1.2.32
3 info using node@v0.10.12
4 verbose read json C:\Users\hhl\AppData\Roaming\npm\package.json
5 verbose read json C:\Users\hhl\AppData\Roaming\npm\package.json
6 verbose cache add [ 'firebase-tools', null ]
7 verbose cache add name=undefined spec="firebase-tools" args=["firebase-tools",null]
8 verbose parsed url { protocol: null,
8 verbose parsed url   slashes: null,
8 verbose parsed url   auth: null,
8 verbose parsed url   host: null,
8 verbose parsed url   port: null,
8 verbose parsed url   hostname: null,
8 verbose parsed url   hash: null,
8 verbose parsed url   search: null,
8 verbose parsed url   query: null,
8 verbose parsed url   pathname: 'firebase-tools',
8 verbose parsed url   path: 'firebase-tools',
8 verbose parsed url   href: 'firebase-tools' }
9 silly lockFile 3fa4b23e-firebase-tools firebase-tools
10 verbose lock firebase-tools C:\Users\hhl\AppData\Roaming\npm-cache\3fa4b23e-firebase-tools.lock
11 silly lockFile 3fa4b23e-firebase-tools firebase-tools
12 silly lockFile 3fa4b23e-firebase-tools firebase-tools
13 verbose addNamed [ 'firebase-tools', '' ]
14 verbose addNamed [ null, '' ]
15 silly lockFile 59c4bcc4-firebase-tools firebase-tools@
16 verbose lock firebase-tools@ C:\Users\hhl\AppData\Roaming\npm-cache\59c4bcc4-firebase-tools.lock
17 silly addNameRange { name: 'firebase-tools', range: '', hasData: false }
18 verbose url raw firebase-tools
19 verbose url resolving [ 'https://registry.npmjs.org/', './firebase-tools' ]
20 verbose url resolved https://registry.npmjs.org/firebase-tools
21 info trying registry request attempt 1 at 17:44:24
22 http GET https://registry.npmjs.org/firebase-tools
23 info retry will retry, error on last attempt: Error: tunneling socket could not be established, cause=10768:error:140770FC:SSL routines:SSL23_GET_SERVER_HELLO:unknown protocol:openssl\ssl\s23_clnt.c:766:
24 info trying registry request attempt 2 at 17:44:34
25 http GET https://registry.npmjs.org/firebase-tools
26 info retry will retry, error on last attempt: Error: tunneling socket could not be established, cause=10768:error:140770FC:SSL routines:SSL23_GET_SERVER_HELLO:unknown protocol:openssl\ssl\s23_clnt.c:766:
27 info trying registry request attempt 3 at 17:45:34
28 http GET https://registry.npmjs.org/firebase-tools
29 silly lockFile 59c4bcc4-firebase-tools firebase-tools@
30 silly lockFile 59c4bcc4-firebase-tools firebase-tools@
31 error Error: tunneling socket could not be established, cause=10768:error:140770FC:SSL routines:SSL23_GET_SERVER_HELLO:unknown protocol:openssl\ssl\s23_clnt.c:766:
31 error
31 error     at ClientRequest.onError (c:\Program Files\nodejs\node_modules\npm\node_modules\request\node_modules\tunnel-agent\index.js:159:17)
31 error     at ClientRequest.g (events.js:175:14)
31 error     at ClientRequest.EventEmitter.emit (events.js:95:17)
31 error     at CleartextStream.socketErrorListener (http.js:1517:9)
31 error     at CleartextStream.EventEmitter.emit (events.js:95:17)
31 error     at SecurePair.<anonymous> (tls.js:1376:15)
31 error     at SecurePair.EventEmitter.emit (events.js:95:17)
31 error     at SecurePair.error (tls.js:997:27)
31 error     at CleartextStream.read [as _read] (tls.js:458:17)
31 error     at CleartextStream.Readable.read (_stream_readable.js:320:10)
32 error If you need help, you may report this log at:
32 error     <http://github.com/isaacs/npm/issues>
32 error or email it to:
32 error     <npm-@googlegroups.com>
33 error System Windows_NT 6.1.7601
34 error command "c:\\Program Files\\nodejs\\node.exe" "c:\\Program Files\\nodejs\\node_modules\\npm\\bin\\npm-cli.js" "install" "-g" "firebase-tools"
35 error cwd C:\Reinhard\Projects\Feeder\site
36 error node -v v0.10.12
37 error npm -v 1.2.32
38 error code ECONNRESET
39 verbose exit [ 1, true ]
